2026-03-15 19:00:29 INFO  BaseClass:21 - Launching browser
2026-03-15 19:00:30 INFO  BaseClass:62 - Browser launched successfully: chrome
2026-03-15 19:00:32 INFO  BaseClass:64 - Application launched
2026-03-15 19:00:32 INFO  FlightBookingTest:60 - Running test : Excel Test
2026-03-15 19:00:32 INFO  HomePage:22 - Verifying Home Page is loaded
2026-03-15 19:00:32 INFO  HomePage:24 - Home Page loaded successfully
2026-03-15 19:00:33 INFO  HomePage:28 - Selecting departure city from dropdown
2026-03-15 19:00:33 INFO  HomePage:31 - Departure city selected: Mexico City
2026-03-15 19:00:33 INFO  HomePage:32 - Selecting destination city from dropdown
2026-03-15 19:00:33 INFO  HomePage:36 - Destination city selected: London
2026-03-15 19:00:33 INFO  HomePage:37 - Clicking Find Flights button
2026-03-15 19:00:35 INFO  FlightBookingTest:66 - Flights searched
2026-03-15 19:00:37 INFO  FlightsPage:23 - Selecting available flight from flights list
2026-03-15 19:00:38 INFO  FlightsPage:25 - Flight selected successfully
2026-03-15 19:00:39 INFO  FlightBookingTest:74 - Flight selected
2026-03-15 19:00:41 INFO  PurchasePage:32 - Entering passenger name: Vinaya 
2026-03-15 19:00:41 INFO  PurchasePage:35 - Entering address: 45 Green Park Road
2026-03-15 19:00:41 INFO  PurchasePage:38 - Entering city: Hyderabad
2026-03-15 19:00:41 INFO  PurchasePage:41 - Entering state: Telangana
2026-03-15 19:00:41 INFO  PurchasePage:46 - Entering zip code: 500081
2026-03-15 19:00:41 INFO  PurchasePage:49 - Entering credit card number
2026-03-15 19:00:41 INFO  PurchasePage:52 - Entering name on card: Vinaya
2026-03-15 19:00:42 INFO  PurchasePage:55 - Clicking Purchase Flight button
2026-03-15 19:00:44 INFO  FlightBookingTest:82 - Passenger details entered
2026-03-15 19:00:44 INFO  ConfirmationPage:19 - Fetching confirmation message from confirmation page- msg received
2026-03-15 19:00:44 INFO  FlightBookingTest:88 - Flight booking successful
2026-03-15 19:00:44 INFO  BaseClass:88 - Closing browser
2026-03-15 19:00:44 INFO  BaseClass:21 - Launching browser
2026-03-15 19:00:45 INFO  BaseClass:62 - Browser launched successfully: chrome
2026-03-15 19:00:46 INFO  BaseClass:64 - Application launched
2026-03-15 19:00:46 INFO  FlightBookingTest:60 - Running test : CSV Test
2026-03-15 19:00:46 INFO  HomePage:22 - Verifying Home Page is loaded
2026-03-15 19:00:46 INFO  HomePage:24 - Home Page loaded successfully
2026-03-15 19:00:48 INFO  HomePage:28 - Selecting departure city from dropdown
2026-03-15 19:00:48 INFO  HomePage:31 - Departure city selected: Mexico City
2026-03-15 19:00:48 INFO  HomePage:32 - Selecting destination city from dropdown
2026-03-15 19:00:48 INFO  HomePage:36 - Destination city selected: London
2026-03-15 19:00:48 INFO  HomePage:37 - Clicking Find Flights button
2026-03-15 19:00:50 INFO  FlightBookingTest:66 - Flights searched
2026-03-15 19:00:51 INFO  FlightsPage:23 - Selecting available flight from flights list
2026-03-15 19:00:52 INFO  FlightsPage:25 - Flight selected successfully
2026-03-15 19:00:53 INFO  FlightBookingTest:74 - Flight selected
2026-03-15 19:00:55 INFO  PurchasePage:32 - Entering passenger name: Ananya Sharma
2026-03-15 19:00:55 INFO  PurchasePage:35 - Entering address: 102 Lake View Street
2026-03-15 19:00:55 INFO  PurchasePage:38 - Entering city: Bangalore
2026-03-15 19:00:55 INFO  PurchasePage:41 - Entering state: Karnataka
2026-03-15 19:00:56 INFO  PurchasePage:46 - Entering zip code: 560034
2026-03-15 19:00:56 INFO  PurchasePage:49 - Entering credit card number
2026-03-15 19:00:56 INFO  PurchasePage:52 - Entering name on card: Ananya
2026-03-15 19:00:56 INFO  PurchasePage:55 - Clicking Purchase Flight button
2026-03-15 19:00:58 INFO  FlightBookingTest:82 - Passenger details entered
2026-03-15 19:00:58 INFO  ConfirmationPage:19 - Fetching confirmation message from confirmation page- msg received
2026-03-15 19:00:58 INFO  FlightBookingTest:88 - Flight booking successful
2026-03-15 19:00:58 INFO  BaseClass:88 - Closing browser
2026-03-15 19:01:00 INFO  BaseClass:21 - Launching browser
2026-03-15 19:01:00 INFO  BaseClass:62 - Browser launched successfully: chrome
2026-03-15 19:01:02 INFO  BaseClass:64 - Application launched
2026-03-15 19:01:02 INFO  FlightBookingTest:60 - Running test : Database Test
2026-03-15 19:01:02 INFO  HomePage:22 - Verifying Home Page is loaded
2026-03-15 19:01:02 INFO  HomePage:24 - Home Page loaded successfully
2026-03-15 19:01:04 INFO  HomePage:28 - Selecting departure city from dropdown
2026-03-15 19:01:04 INFO  HomePage:31 - Departure city selected: Mexico City
2026-03-15 19:01:04 INFO  HomePage:32 - Selecting destination city from dropdown
2026-03-15 19:01:04 INFO  HomePage:36 - Destination city selected: London
2026-03-15 19:01:04 INFO  HomePage:37 - Clicking Find Flights button
2026-03-15 19:01:06 INFO  FlightBookingTest:66 - Flights searched
2026-03-15 19:01:07 INFO  FlightsPage:23 - Selecting available flight from flights list
2026-03-15 19:01:08 INFO  FlightsPage:25 - Flight selected successfully
2026-03-15 19:01:09 INFO  FlightBookingTest:74 - Flight selected
2026-03-15 19:01:11 INFO  PurchasePage:32 - Entering passenger name: Rahul
2026-03-15 19:01:11 INFO  PurchasePage:35 - Entering address: 78 Jubilee Hills Road
2026-03-15 19:01:11 INFO  PurchasePage:38 - Entering city: Hyderabad
2026-03-15 19:01:11 INFO  PurchasePage:41 - Entering state: Telangana
2026-03-15 19:01:12 INFO  PurchasePage:46 - Entering zip code: 500033
2026-03-15 19:01:12 INFO  PurchasePage:49 - Entering credit card number
2026-03-15 19:01:12 INFO  PurchasePage:52 - Entering name on card: Rahul
2026-03-15 19:01:12 INFO  PurchasePage:55 - Clicking Purchase Flight button
2026-03-15 19:01:13 INFO  FlightBookingTest:82 - Passenger details entered
2026-03-15 19:01:13 INFO  ConfirmationPage:19 - Fetching confirmation message from confirmation page- msg received
2026-03-15 19:01:13 INFO  FlightBookingTest:88 - Flight booking successful
2026-03-15 19:01:13 INFO  BaseClass:88 - Closing browser
2026-03-15 19:01:14 INFO  BaseClass:21 - Launching browser
2026-03-15 19:01:14 INFO  BaseClass:62 - Browser launched successfully: edge
2026-03-15 19:01:16 INFO  BaseClass:64 - Application launched
2026-03-15 19:01:16 INFO  FlightBookingTest:60 - Running test : Excel Test
2026-03-15 19:01:16 INFO  HomePage:22 - Verifying Home Page is loaded
2026-03-15 19:01:16 INFO  HomePage:24 - Home Page loaded successfully
2026-03-15 19:01:18 INFO  HomePage:28 - Selecting departure city from dropdown
2026-03-15 19:01:18 INFO  HomePage:31 - Departure city selected: Mexico City
2026-03-15 19:01:18 INFO  HomePage:32 - Selecting destination city from dropdown
2026-03-15 19:01:18 INFO  HomePage:36 - Destination city selected: London
2026-03-15 19:01:18 INFO  HomePage:37 - Clicking Find Flights button
2026-03-15 19:01:20 INFO  FlightBookingTest:66 - Flights searched
2026-03-15 19:01:22 INFO  FlightsPage:23 - Selecting available flight from flights list
2026-03-15 19:01:22 INFO  FlightsPage:25 - Flight selected successfully
2026-03-15 19:01:24 INFO  FlightBookingTest:74 - Flight selected
2026-03-15 19:01:25 INFO  PurchasePage:32 - Entering passenger name: Vinaya 
2026-03-15 19:01:25 INFO  PurchasePage:35 - Entering address: 45 Green Park Road
2026-03-15 19:01:25 INFO  PurchasePage:38 - Entering city: Hyderabad
2026-03-15 19:01:25 INFO  PurchasePage:41 - Entering state: Telangana
2026-03-15 19:01:26 INFO  PurchasePage:46 - Entering zip code: 500081
2026-03-15 19:01:26 INFO  PurchasePage:49 - Entering credit card number
2026-03-15 19:01:26 INFO  PurchasePage:52 - Entering name on card: Vinaya
2026-03-15 19:01:26 INFO  PurchasePage:55 - Clicking Purchase Flight button
2026-03-15 19:01:28 INFO  FlightBookingTest:82 - Passenger details entered
2026-03-15 19:01:28 INFO  ConfirmationPage:19 - Fetching confirmation message from confirmation page- msg received
2026-03-15 19:01:28 INFO  FlightBookingTest:88 - Flight booking successful
2026-03-15 19:01:28 INFO  BaseClass:88 - Closing browser
2026-03-15 19:01:28 INFO  BaseClass:21 - Launching browser
2026-03-15 19:01:29 INFO  BaseClass:62 - Browser launched successfully: edge
2026-03-15 19:01:31 INFO  BaseClass:64 - Application launched
2026-03-15 19:01:31 INFO  FlightBookingTest:60 - Running test : CSV Test
2026-03-15 19:01:31 INFO  HomePage:22 - Verifying Home Page is loaded
2026-03-15 19:01:31 INFO  HomePage:24 - Home Page loaded successfully
2026-03-15 19:01:32 INFO  HomePage:28 - Selecting departure city from dropdown
2026-03-15 19:01:32 INFO  HomePage:31 - Departure city selected: Mexico City
2026-03-15 19:01:32 INFO  HomePage:32 - Selecting destination city from dropdown
2026-03-15 19:01:32 INFO  HomePage:36 - Destination city selected: London
2026-03-15 19:01:32 INFO  HomePage:37 - Clicking Find Flights button
2026-03-15 19:01:34 INFO  FlightBookingTest:66 - Flights searched
2026-03-15 19:01:36 INFO  FlightsPage:23 - Selecting available flight from flights list
2026-03-15 19:01:36 INFO  FlightsPage:25 - Flight selected successfully
2026-03-15 19:01:37 INFO  FlightBookingTest:74 - Flight selected
2026-03-15 19:01:39 INFO  PurchasePage:32 - Entering passenger name: Ananya Sharma
2026-03-15 19:01:39 INFO  PurchasePage:35 - Entering address: 102 Lake View Street
2026-03-15 19:01:39 INFO  PurchasePage:38 - Entering city: Bangalore
2026-03-15 19:01:39 INFO  PurchasePage:41 - Entering state: Karnataka
2026-03-15 19:01:40 INFO  PurchasePage:46 - Entering zip code: 560034
2026-03-15 19:01:40 INFO  PurchasePage:49 - Entering credit card number
2026-03-15 19:01:40 INFO  PurchasePage:52 - Entering name on card: Ananya
2026-03-15 19:01:40 INFO  PurchasePage:55 - Clicking Purchase Flight button
2026-03-15 19:01:42 INFO  FlightBookingTest:82 - Passenger details entered
2026-03-15 19:01:42 INFO  ConfirmationPage:19 - Fetching confirmation message from confirmation page- msg received
2026-03-15 19:01:42 INFO  FlightBookingTest:88 - Flight booking successful
2026-03-15 19:01:42 INFO  BaseClass:88 - Closing browser
2026-03-15 19:01:42 INFO  BaseClass:21 - Launching browser
2026-03-15 19:01:43 INFO  BaseClass:62 - Browser launched successfully: edge
2026-03-15 19:01:44 INFO  BaseClass:64 - Application launched
2026-03-15 19:01:44 INFO  FlightBookingTest:60 - Running test : Database Test
2026-03-15 19:01:44 INFO  HomePage:22 - Verifying Home Page is loaded
2026-03-15 19:01:44 INFO  HomePage:24 - Home Page loaded successfully
2026-03-15 19:01:46 INFO  HomePage:28 - Selecting departure city from dropdown
2026-03-15 19:01:46 INFO  HomePage:31 - Departure city selected: Mexico City
2026-03-15 19:01:46 INFO  HomePage:32 - Selecting destination city from dropdown
2026-03-15 19:01:46 INFO  HomePage:36 - Destination city selected: London
2026-03-15 19:01:46 INFO  HomePage:37 - Clicking Find Flights button
2026-03-15 19:01:48 INFO  FlightBookingTest:66 - Flights searched
2026-03-15 19:01:49 INFO  FlightsPage:23 - Selecting available flight from flights list
2026-03-15 19:01:50 INFO  FlightsPage:25 - Flight selected successfully
2026-03-15 19:01:51 INFO  FlightBookingTest:74 - Flight selected
2026-03-15 19:01:53 INFO  PurchasePage:32 - Entering passenger name: Rahul
2026-03-15 19:01:53 INFO  PurchasePage:35 - Entering address: 78 Jubilee Hills Road
2026-03-15 19:01:53 INFO  PurchasePage:38 - Entering city: Hyderabad
2026-03-15 19:01:53 INFO  PurchasePage:41 - Entering state: Telangana
2026-03-15 19:01:53 INFO  PurchasePage:46 - Entering zip code: 500033
2026-03-15 19:01:53 INFO  PurchasePage:49 - Entering credit card number
2026-03-15 19:01:54 INFO  PurchasePage:52 - Entering name on card: Rahul
2026-03-15 19:01:54 INFO  PurchasePage:55 - Clicking Purchase Flight button
2026-03-15 19:01:55 INFO  FlightBookingTest:82 - Passenger details entered
2026-03-15 19:01:55 INFO  ConfirmationPage:19 - Fetching confirmation message from confirmation page- msg received
2026-03-15 19:01:55 INFO  FlightBookingTest:88 - Flight booking successful
2026-03-15 19:01:55 INFO  BaseClass:88 - Closing browser
2026-03-15 19:01:55 INFO  BaseClass:21 - Launching browser
2026-03-15 19:01:59 INFO  BaseClass:62 - Browser launched successfully: firefox
2026-03-15 19:02:00 INFO  BaseClass:64 - Application launched
2026-03-15 19:02:00 INFO  FlightBookingTest:60 - Running test : Excel Test
2026-03-15 19:02:00 INFO  HomePage:22 - Verifying Home Page is loaded
2026-03-15 19:02:00 INFO  HomePage:24 - Home Page loaded successfully
2026-03-15 19:02:02 INFO  HomePage:28 - Selecting departure city from dropdown
2026-03-15 19:02:02 INFO  HomePage:31 - Departure city selected: Mexico City
2026-03-15 19:02:02 INFO  HomePage:32 - Selecting destination city from dropdown
2026-03-15 19:02:02 INFO  HomePage:36 - Destination city selected: London
2026-03-15 19:02:02 INFO  HomePage:37 - Clicking Find Flights button
2026-03-15 19:02:04 INFO  FlightBookingTest:66 - Flights searched
2026-03-15 19:02:05 INFO  FlightsPage:23 - Selecting available flight from flights list
2026-03-15 19:02:06 INFO  FlightsPage:25 - Flight selected successfully
2026-03-15 19:02:07 INFO  FlightBookingTest:74 - Flight selected
2026-03-15 19:02:09 INFO  PurchasePage:32 - Entering passenger name: Vinaya 
2026-03-15 19:02:09 INFO  PurchasePage:35 - Entering address: 45 Green Park Road
2026-03-15 19:02:09 INFO  PurchasePage:38 - Entering city: Hyderabad
2026-03-15 19:02:09 INFO  PurchasePage:41 - Entering state: Telangana
2026-03-15 19:02:09 INFO  PurchasePage:46 - Entering zip code: 500081
2026-03-15 19:02:09 INFO  PurchasePage:49 - Entering credit card number
2026-03-15 19:02:09 INFO  PurchasePage:52 - Entering name on card: Vinaya
2026-03-15 19:02:09 INFO  PurchasePage:55 - Clicking Purchase Flight button
2026-03-15 19:02:11 INFO  FlightBookingTest:82 - Passenger details entered
2026-03-15 19:02:11 INFO  ConfirmationPage:19 - Fetching confirmation message from confirmation page- msg received
2026-03-15 19:02:11 INFO  FlightBookingTest:88 - Flight booking successful
2026-03-15 19:02:11 INFO  BaseClass:88 - Closing browser
2026-03-15 19:02:13 INFO  BaseClass:21 - Launching browser
2026-03-15 19:02:16 INFO  BaseClass:62 - Browser launched successfully: firefox
2026-03-15 19:02:17 INFO  BaseClass:64 - Application launched
2026-03-15 19:02:17 INFO  FlightBookingTest:60 - Running test : CSV Test
2026-03-15 19:02:17 INFO  HomePage:22 - Verifying Home Page is loaded
2026-03-15 19:02:17 INFO  HomePage:24 - Home Page loaded successfully
2026-03-15 19:02:19 INFO  HomePage:28 - Selecting departure city from dropdown
2026-03-15 19:02:19 INFO  HomePage:31 - Departure city selected: Mexico City
2026-03-15 19:02:19 INFO  HomePage:32 - Selecting destination city from dropdown
2026-03-15 19:02:19 INFO  HomePage:36 - Destination city selected: London
2026-03-15 19:02:19 INFO  HomePage:37 - Clicking Find Flights button
2026-03-15 19:02:21 INFO  FlightBookingTest:66 - Flights searched
2026-03-15 19:02:22 INFO  FlightsPage:23 - Selecting available flight from flights list
2026-03-15 19:02:23 INFO  FlightsPage:25 - Flight selected successfully
2026-03-15 19:02:24 INFO  FlightBookingTest:74 - Flight selected
2026-03-15 19:02:26 INFO  PurchasePage:32 - Entering passenger name: Ananya Sharma
2026-03-15 19:02:26 INFO  PurchasePage:35 - Entering address: 102 Lake View Street
2026-03-15 19:02:26 INFO  PurchasePage:38 - Entering city: Bangalore
2026-03-15 19:02:26 INFO  PurchasePage:41 - Entering state: Karnataka
2026-03-15 19:02:26 INFO  PurchasePage:46 - Entering zip code: 560034
2026-03-15 19:02:26 INFO  PurchasePage:49 - Entering credit card number
2026-03-15 19:02:26 INFO  PurchasePage:52 - Entering name on card: Ananya
2026-03-15 19:02:27 INFO  PurchasePage:55 - Clicking Purchase Flight button
2026-03-15 19:02:29 INFO  FlightBookingTest:82 - Passenger details entered
2026-03-15 19:02:29 INFO  ConfirmationPage:19 - Fetching confirmation message from confirmation page- msg received
2026-03-15 19:02:29 INFO  FlightBookingTest:88 - Flight booking successful
2026-03-15 19:02:29 INFO  BaseClass:88 - Closing browser
2026-03-15 19:02:29 INFO  BaseClass:21 - Launching browser
2026-03-15 19:02:34 INFO  BaseClass:62 - Browser launched successfully: firefox
2026-03-15 19:02:35 INFO  BaseClass:64 - Application launched
2026-03-15 19:02:35 INFO  FlightBookingTest:60 - Running test : Database Test
2026-03-15 19:02:35 INFO  HomePage:22 - Verifying Home Page is loaded
2026-03-15 19:02:35 INFO  HomePage:24 - Home Page loaded successfully
2026-03-15 19:02:36 INFO  HomePage:28 - Selecting departure city from dropdown
2026-03-15 19:02:36 INFO  HomePage:31 - Departure city selected: Mexico City
2026-03-15 19:02:36 INFO  HomePage:32 - Selecting destination city from dropdown
2026-03-15 19:02:37 INFO  HomePage:36 - Destination city selected: London
2026-03-15 19:02:37 INFO  HomePage:37 - Clicking Find Flights button
2026-03-15 19:02:39 INFO  FlightBookingTest:66 - Flights searched
2026-03-15 19:02:40 INFO  FlightsPage:23 - Selecting available flight from flights list
2026-03-15 19:02:41 INFO  FlightsPage:25 - Flight selected successfully
2026-03-15 19:02:42 INFO  FlightBookingTest:74 - Flight selected
2026-03-15 19:02:44 INFO  PurchasePage:32 - Entering passenger name: Rahul
2026-03-15 19:02:44 INFO  PurchasePage:35 - Entering address: 78 Jubilee Hills Road
2026-03-15 19:02:44 INFO  PurchasePage:38 - Entering city: Hyderabad
2026-03-15 19:02:44 INFO  PurchasePage:41 - Entering state: Telangana
2026-03-15 19:02:44 INFO  PurchasePage:46 - Entering zip code: 500033
2026-03-15 19:02:44 INFO  PurchasePage:49 - Entering credit card number
2026-03-15 19:02:44 INFO  PurchasePage:52 - Entering name on card: Rahul
2026-03-15 19:02:44 INFO  PurchasePage:55 - Clicking Purchase Flight button
2026-03-15 19:02:46 INFO  FlightBookingTest:82 - Passenger details entered
2026-03-15 19:02:46 INFO  ConfirmationPage:19 - Fetching confirmation message from confirmation page- msg received
2026-03-15 19:02:46 INFO  FlightBookingTest:88 - Flight booking successful
2026-03-15 19:02:46 INFO  BaseClass:88 - Closing browser
